[debug] [2022-08-02T01:37:42.149Z] ----------------------------------------------------------------------
[debug] [2022-08-02T01:37:42.150Z] Command:       /usr/bin/node /home/leonardo/.npm-global/bin/firebase emulators:start
[debug] [2022-08-02T01:37:42.151Z] CLI Version:   11.3.0
[debug] [2022-08-02T01:37:42.151Z] Platform:      linux
[debug] [2022-08-02T01:37:42.151Z] Node Version:  v18.3.0
[debug] [2022-08-02T01:37:42.151Z] Time:          Mon Aug 01 2022 22:37:42 GMT-0300 (Brasilia Standard Time)
[debug] [2022-08-02T01:37:42.152Z] ----------------------------------------------------------------------
[debug] 
[debug] [2022-08-02T01:37:42.154Z] >>> [apiv2][query] GET https://firebase-public.firebaseio.com/cli.json [none]
[debug] [2022-08-02T01:37:42.228Z] > command requires scopes: ["email","openid","https://www.googleapis.com/auth/cloudplatformprojects.readonly","https://www.googleapis.com/auth/firebase","https://www.googleapis.com/auth/cloud-platform"]
[debug] [2022-08-02T01:37:42.228Z] > authorizing via signed-in user (leonardoaugusto.dev@gmail.com)
[debug] [2022-08-02T01:37:42.346Z] openjdk version "11.0.15" 2022-04-19

[debug] [2022-08-02T01:37:42.346Z] OpenJDK Runtime Environment (build 11.0.15+10)
OpenJDK 64-Bit Server VM (build 11.0.15+10, mixed mode)

[debug] [2022-08-02T01:37:42.364Z] Parsed Java major version: 11
[info] i  emulators: Starting emulators: auth, firestore, hosting {"metadata":{"emulator":{"name":"hub"},"message":"Starting emulators: auth, firestore, hosting"}}
[debug] [2022-08-02T01:37:42.385Z] [hub] writing locator at /tmp/hub-moneylee.json
[debug] [2022-08-02T01:37:42.402Z] Ignoring unsupported arg: projectId {"metadata":{"emulator":{"name":"firestore"},"message":"Ignoring unsupported arg: projectId"}}
[debug] [2022-08-02T01:37:42.403Z] Ignoring unsupported arg: auto_download {"metadata":{"emulator":{"name":"firestore"},"message":"Ignoring unsupported arg: auto_download"}}
[debug] [2022-08-02T01:37:42.403Z] Starting Firestore Emulator with command {"binary":"java","args":["-Dgoogle.cloud_firestore.debug_log_level=FINE","-Duser.language=en","-jar","/home/leonardo/.cache/firebase/emulators/cloud-firestore-emulator-v1.14.4.jar","--host","localhost","--port",8080,"--rules","/home/leonardo/Development/moneylee/firestore.rules"],"optionalArgs":["port","webchannel_port","host","rules","functions_emulator","seed_from_export"],"joinArgs":false} {"metadata":{"emulator":{"name":"firestore"},"message":"Starting Firestore Emulator with command {\"binary\":\"java\",\"args\":[\"-Dgoogle.cloud_firestore.debug_log_level=FINE\",\"-Duser.language=en\",\"-jar\",\"/home/leonardo/.cache/firebase/emulators/cloud-firestore-emulator-v1.14.4.jar\",\"--host\",\"localhost\",\"--port\",8080,\"--rules\",\"/home/leonardo/Development/moneylee/firestore.rules\"],\"optionalArgs\":[\"port\",\"webchannel_port\",\"host\",\"rules\",\"functions_emulator\",\"seed_from_export\"],\"joinArgs\":false}"}}
[info] i  firestore: Firestore Emulator logging to firestore-debug.log {"metadata":{"emulator":{"name":"firestore"},"message":"Firestore Emulator logging to \u001b[1mfirestore-debug.log\u001b[22m"}}
[debug] [2022-08-02T01:37:42.660Z] <<< [apiv2][status] GET https://firebase-public.firebaseio.com/cli.json 200
[debug] [2022-08-02T01:37:42.661Z] <<< [apiv2][body] GET https://firebase-public.firebaseio.com/cli.json {"cloudBuildErrorAfter":1594252800000,"cloudBuildWarnAfter":1590019200000,"defaultNode10After":1594252800000,"minVersion":"3.0.5","node8DeploysDisabledAfter":1613390400000,"node8RuntimeDisabledAfter":1615809600000,"node8WarnAfter":1600128000000}
[debug] [2022-08-02T01:37:43.291Z] Aug 01, 2022 10:37:43 PM com.google.cloud.datastore.emulator.firestore.websocket.WebSocketServer start
INFO: Started WebSocket server on ws://localhost:44377
 {"metadata":{"emulator":{"name":"firestore"},"message":"Aug 01, 2022 10:37:43 PM com.google.cloud.datastore.emulator.firestore.websocket.WebSocketServer start\nINFO: Started WebSocket server on ws://localhost:44377\n"}}
[debug] [2022-08-02T01:37:43.347Z] API endpoint: http:// {"metadata":{"emulator":{"name":"firestore"},"message":"API endpoint: http://"}}
[debug] [2022-08-02T01:37:43.347Z] localhost:8080
If you are using a library that supports the FIRESTORE_EMULATOR_HOST environment variable, run:

   export FIRESTORE_EMULATOR_HOST=localhost:8080

Dev App Server is now running.

 {"metadata":{"emulator":{"name":"firestore"},"message":"localhost:8080\nIf you are using a library that supports the FIRESTORE_EMULATOR_HOST environment variable, run:\n\n   export FIRESTORE_EMULATOR_HOST=localhost:8080\n\nDev App Server is now running.\n\n"}}
[debug] [2022-08-02T01:37:50.537Z] > refreshing access token with scopes: []
[debug] [2022-08-02T01:37:50.538Z] >>> [apiv2][query] POST https://www.googleapis.com/oauth2/v3/token [none]
[debug] [2022-08-02T01:37:50.538Z] >>> [apiv2][body] POST https://www.googleapis.com/oauth2/v3/token [omitted]
[debug] [2022-08-02T01:37:50.759Z] <<< [apiv2][status] POST https://www.googleapis.com/oauth2/v3/token 200
[debug] [2022-08-02T01:37:50.760Z] <<< [apiv2][body] POST https://www.googleapis.com/oauth2/v3/token [omitted]
[debug] [2022-08-02T01:37:50.765Z] >>> [apiv2][query] GET https://firebasehosting.googleapis.com/v1beta1/projects/moneylee/sites 
[debug] [2022-08-02T01:37:52.179Z] <<< [apiv2][status] GET https://firebasehosting.googleapis.com/v1beta1/projects/moneylee/sites 200
[debug] [2022-08-02T01:37:52.179Z] <<< [apiv2][body] GET https://firebasehosting.googleapis.com/v1beta1/projects/moneylee/sites {"sites":[{"name":"projects/moneylee/sites/moneylee","defaultUrl":"https://moneylee.web.app","appId":"1:288288661557:web:a6f75c19c60d2a1d36917c","type":"DEFAULT_SITE"}]}
[debug] [2022-08-02T01:37:52.181Z] >>> [apiv2][query] GET https://firebase.googleapis.com/v1beta1/projects/moneylee/webApps/1:288288661557:web:a6f75c19c60d2a1d36917c/config [none]
[debug] [2022-08-02T01:37:53.560Z] <<< [apiv2][status] GET https://firebase.googleapis.com/v1beta1/projects/moneylee/webApps/1:288288661557:web:a6f75c19c60d2a1d36917c/config 200
[debug] [2022-08-02T01:37:53.560Z] <<< [apiv2][body] GET https://firebase.googleapis.com/v1beta1/projects/moneylee/webApps/1:288288661557:web:a6f75c19c60d2a1d36917c/config {"projectId":"moneylee","appId":"1:288288661557:web:a6f75c19c60d2a1d36917c","storageBucket":"moneylee.appspot.com","locationId":"southamerica-east1","apiKey":"AIzaSyAStJCaI-NlxZufpRC-eiaGxTbDsOCETgk","authDomain":"moneylee.firebaseapp.com","messagingSenderId":"288288661557"}
[info] i  hosting: Serving hosting files from: dist {"metadata":{"emulator":{"name":"hosting"},"message":"Serving hosting files from: \u001b[1mdist\u001b[22m"}}
[info] ✔  hosting: Local server: http://localhost:5000 {"metadata":{"emulator":{"name":"hosting"},"message":"Local server: \u001b[4m\u001b[1mhttp://localhost:5000\u001b[22m\u001b[24m"}}
[debug] [2022-08-02T01:37:53.575Z] Ignoring unsupported arg: auto_download {"metadata":{"emulator":{"name":"ui"},"message":"Ignoring unsupported arg: auto_download"}}
[debug] [2022-08-02T01:37:53.575Z] Ignoring unsupported arg: port {"metadata":{"emulator":{"name":"ui"},"message":"Ignoring unsupported arg: port"}}
[debug] [2022-08-02T01:37:53.575Z] Starting Emulator UI with command {"binary":"node","args":["/home/leonardo/.cache/firebase/emulators/ui-v1.8.1/server/server.js"],"optionalArgs":[],"joinArgs":false} {"metadata":{"emulator":{"name":"ui"},"message":"Starting Emulator UI with command {\"binary\":\"node\",\"args\":[\"/home/leonardo/.cache/firebase/emulators/ui-v1.8.1/server/server.js\"],\"optionalArgs\":[],\"joinArgs\":false}"}}
[info] i  ui: Emulator UI logging to ui-debug.log {"metadata":{"emulator":{"name":"ui"},"message":"Emulator UI logging to \u001b[1mui-debug.log\u001b[22m"}}
[debug] [2022-08-02T01:37:53.683Z] Web / API server started at localhost:4000
 {"metadata":{"emulator":{"name":"ui"},"message":"Web / API server started at localhost:4000\n"}}
[info] 
┌─────────────────────────────────────────────────────────────┐
│ ✔  All emulators ready! It is now safe to connect your app. │
│ i  View Emulator UI at http://localhost:4000                │
└─────────────────────────────────────────────────────────────┘

┌────────────────┬────────────────┬─────────────────────────────────┐
│ Emulator       │ Host:Port      │ View in Emulator UI             │
├────────────────┼────────────────┼─────────────────────────────────┤
│ Authentication │ localhost:9099 │ http://localhost:4000/auth      │
├────────────────┼────────────────┼─────────────────────────────────┤
│ Firestore      │ localhost:8080 │ http://localhost:4000/firestore │
├────────────────┼────────────────┼─────────────────────────────────┤
│ Hosting        │ localhost:5000 │ n/a                             │
└────────────────┴────────────────┴─────────────────────────────────┘
  Emulator Hub running at localhost:4400
  Other reserved ports: 4500

Issues? Report them at https://github.com/firebase/firebase-tools/issues and attach the *-debug.log files.
 
[warn] ⚠  Error: Internal state invariant broken: no user with ID: YEyaPwFkeuEIzFF1N65qZDLgQM1g
    at AgentProjectState.getUserByLocalIdAssertingExists (/home/leonardo/.npm-global/lib/node_modules/firebase-tools/lib/emulator/auth/state.js:207:19)
    at AgentProjectState.validateRefreshToken (/home/leonardo/.npm-global/lib/node_modules/firebase-tools/lib/emulator/auth/state.js:294:24)
    at grantToken (/home/leonardo/.npm-global/lib/node_modules/firebase-tools/lib/emulator/auth/operations.js:1287:38)
    at Proxy.<anonymous> (/home/leonardo/.npm-global/lib/node_modules/firebase-tools/lib/emulator/auth/server.js:375:20)
    at /home/leonardo/.npm-global/lib/node_modules/firebase-tools/node_modules/promise-breaker/index.js:265:46
    at process.processTicksAndRejections (node:internal/process/task_queues:95:5) {"metadata":{"emulator":{"name":"auth"},"message":"Error: Internal state invariant broken: no user with ID: YEyaPwFkeuEIzFF1N65qZDLgQM1g\n    at AgentProjectState.getUserByLocalIdAssertingExists (/home/leonardo/.npm-global/lib/node_modules/firebase-tools/lib/emulator/auth/state.js:207:19)\n    at AgentProjectState.validateRefreshToken (/home/leonardo/.npm-global/lib/node_modules/firebase-tools/lib/emulator/auth/state.js:294:24)\n    at grantToken (/home/leonardo/.npm-global/lib/node_modules/firebase-tools/lib/emulator/auth/operations.js:1287:38)\n    at Proxy.<anonymous> (/home/leonardo/.npm-global/lib/node_modules/firebase-tools/lib/emulator/auth/server.js:375:20)\n    at /home/leonardo/.npm-global/lib/node_modules/firebase-tools/node_modules/promise-breaker/index.js:265:46\n    at process.processTicksAndRejections (node:internal/process/task_queues:95:5)"}}
